d:\onedrive\open_source\1. 2025 digikey\ros create3\ts12a lite_windows_demo\sdk\obj\win32\frame_grabber\debug\vc141.pdb
d:\onedrive\open_source\1. 2025 digikey\ros create3\ts12a lite_windows_demo\sdk\obj\win32\frame_grabber\debug\vc141.idb
d:\onedrive\open_source\1. 2025 digikey\ros create3\ts12a lite_windows_demo\sdk\obj\win32\frame_grabber\debug\aboutdlg.obj
d:\onedrive\open_source\1. 2025 digikey\ros create3\ts12a lite_windows_demo\sdk\obj\win32\frame_grabber\debug\lidarmgr.obj
d:\onedrive\open_source\1. 2025 digikey\ros create3\ts12a lite_windows_demo\sdk\obj\win32\frame_grabber\debug\framegrabber.obj
d:\onedrive\open_source\1. 2025 digikey\ros create3\ts12a lite_windows_demo\sdk\obj\win32\frame_grabber\debug\mainfrm.obj
d:\onedrive\open_source\1. 2025 digikey\ros create3\ts12a lite_windows_demo\sdk\obj\win32\frame_grabber\debug\scanview.obj
d:\onedrive\open_source\1. 2025 digikey\ros create3\ts12a lite_windows_demo\sdk\obj\win32\frame_grabber\debug\serialseldlg.obj
d:\onedrive\open_source\1. 2025 digikey\ros create3\ts12a lite_windows_demo\sdk\obj\win32\frame_grabber\debug\stdafx.obj
d:\onedrive\open_source\1. 2025 digikey\ros create3\ts12a lite_windows_demo\sdk\output\win32\debug\frame_grabber.ilk
d:\onedrive\open_source\1. 2025 digikey\ros create3\ts12a lite_windows_demo\sdk\output\win32\debug\frame_grabber.exe
d:\onedrive\open_source\1. 2025 digikey\ros create3\ts12a lite_windows_demo\sdk\output\win32\debug\frame_grabber.pdb
d:\onedrive\open_source\1. 2025 digikey\ros create3\ts12a lite_windows_demo\sdk\obj\win32\frame_grabber\debug\framegrabber.res
d:\onedrive\open_source\1. 2025 digikey\ros create3\ts12a lite_windows_demo\sdk\workspaces\vc10\\..\..\output\win32\debug\frame_grabber.pdb
d:\onedrive\open_source\1. 2025 digikey\ros create3\ts12a lite_windows_demo\sdk\workspaces\vc10\\..\..\output\win32\debug\frame_grabber.exe
d:\onedrive\open_source\1. 2025 digikey\ros create3\ts12a lite_windows_demo\sdk\workspaces\vc10\\..\..\output\win32\debug\frame_grabber.ilk
d:\onedrive\open_source\1. 2025 digikey\ros create3\ts12a lite_windows_demo\sdk\obj\win32\frame_grabber\debug\frame_grabber.tlog\cl.command.1.tlog
d:\onedrive\open_source\1. 2025 digikey\ros create3\ts12a lite_windows_demo\sdk\obj\win32\frame_grabber\debug\frame_grabber.tlog\cl.read.1.tlog
d:\onedrive\open_source\1. 2025 digikey\ros create3\ts12a lite_windows_demo\sdk\obj\win32\frame_grabber\debug\frame_grabber.tlog\cl.write.1.tlog
d:\onedrive\open_source\1. 2025 digikey\ros create3\ts12a lite_windows_demo\sdk\obj\win32\frame_grabber\debug\frame_grabber.tlog\link.command.1.tlog
d:\onedrive\open_source\1. 2025 digikey\ros create3\ts12a lite_windows_demo\sdk\obj\win32\frame_grabber\debug\frame_grabber.tlog\link.read.1.tlog
d:\onedrive\open_source\1. 2025 digikey\ros create3\ts12a lite_windows_demo\sdk\obj\win32\frame_grabber\debug\frame_grabber.tlog\link.write.1.tlog
d:\onedrive\open_source\1. 2025 digikey\ros create3\ts12a lite_windows_demo\sdk\obj\win32\frame_grabber\debug\frame_grabber.tlog\rc.command.1.tlog
d:\onedrive\open_source\1. 2025 digikey\ros create3\ts12a lite_windows_demo\sdk\obj\win32\frame_grabber\debug\frame_grabber.tlog\rc.read.1.tlog
d:\onedrive\open_source\1. 2025 digikey\ros create3\ts12a lite_windows_demo\sdk\obj\win32\frame_grabber\debug\frame_grabber.tlog\rc.write.1.tlog
